<?xml version="1.0" encoding="UTF-8"?>
<testng-results total="1" passed="1" failed="0" skipped="0">
  <reporter-output>
  </reporter-output>
  <suite started-at="2019-09-25T18:08:45Z" name="Default suite" finished-at="2019-09-25T18:08:47Z" duration-ms="1110">
    <groups>
    </groups>
    <test started-at="2019-09-25T18:08:45Z" name="Default test" finished-at="2019-09-25T18:08:47Z" duration-ms="1110">
      <class name="com.qa.tests.GetaPITest">
        <test-method signature="setup()[pri:0, instance:com.qa.tests.GetaPITest@38afe297]" started-at="2019-09-25T23:38:46Z" name="setup" finished-at="2019-09-25T23:38:47Z" duration-ms="1093" status="PASS">
          <reporter-output>
          </reporter-output>
        </test-method> <!-- setup -->
      </class> <!-- com.qa.tests.GetaPITest -->
    </test> <!-- Default test -->
  </suite> <!-- Default suite -->
</testng-results>
